<?xml version="1.0" encoding="UTF-8"?>
<!-- Generated by org.testng.reporters.JUnitReportReporter -->
<testsuite hostname="Shakeela" failures="0" tests="1" name="numaid.testproject.Homepage" time="31.370" errors="0" timestamp="2023-08-10T12:16:56 IST" skipped="0">
  <testcase classname="numaid.testproject.Homepage" name="method1" time="31.370">
    <system-out>
      <![CDATA[Actual Title: Numadic Iot Pvt. Ltd. - QA Engineer in

Title Verification - Assertion Executed


Clicked on 'I'm interested' button

Both actual and expected values matched for first name

Both actual and expected values matched for
]]>
    </system-out>
  </testcase> <!-- method1 -->
  <system-out>
    <![CDATA[Actual Title: Numadic Iot Pvt. Ltd. - QA Engineer in

Title Verification - Assertion Executed


Clicked on 'I'm interested' button

Both actual and expected values matched for first name

Both actual and expected values matched for
]]>
  </system-out>
</testsuite> <!-- numaid.testproject.Homepage -->
